TN:
SF:/Users/youzhou/Documents/proj/weLoveFaceBook/frontend/src/polyfills.ts
FNF:0
FNH:0
DA:41,1
DA:42,1
DA:56,1
LF:3
LH:3
BRF:0
BRH:0
end_of_record
TN:
SF:/Users/youzhou/Documents/proj/weLoveFaceBook/frontend/src/test.ts
FN:20,(anonymous_0)
FNF:1
FNH:1
FNDA:1,(anonymous_0)
DA:3,1
DA:4,1
DA:5,1
DA:6,1
DA:7,1
DA:8,1
DA:9,1
DA:10,1
DA:20,1
DA:23,1
DA:28,1
DA:30,1
DA:32,1
LF:13
LH:13
BRF:0
BRH:0
end_of_record
TN:
SF:/Users/youzhou/Documents/proj/weLoveFaceBook/frontend/src/app/app.component.ts
FN:8,(anonymous_1)
FN:3,AppComponent
FNF:2
FNH:2
FNDA:1,(anonymous_1)
FNDA:2,AppComponent
DA:1,1
DA:8,1
DA:9,2
DA:10,1
LF:4
LH:4
BRF:0
BRH:0
end_of_record
TN:
SF:/Users/youzhou/Documents/proj/weLoveFaceBook/frontend/src/app/authguard.guard.ts
FN:7,(anonymous_2)
FN:8,AuthguardGuard
FN:11,(anonymous_4)
FNF:3
FNH:3
FNDA:1,(anonymous_2)
FNDA:3,AuthguardGuard
FNDA:2,(anonymous_4)
DA:1,1
DA:4,1
DA:7,1
DA:8,3
DA:11,1
DA:14,2
DA:16,1
LF:7
LH:7
BRDA:8,0,0,1
BRDA:8,0,1,0
BRDA:8,1,0,1
BRF:3
BRH:2
end_of_record
TN:
SF:/Users/youzhou/Documents/proj/weLoveFaceBook/frontend/src/app/comment.ts
FN:1,(anonymous_0)
FN:2,Comment
FNF:2
FNH:2
FNDA:1,(anonymous_0)
FNDA:1,Comment
DA:1,1
DA:3,3
DA:4,3
DA:6,1
LF:4
LH:4
BRDA:3,0,0,1
BRDA:3,0,1,0
BRDA:4,1,0,1
BRDA:4,1,1,0
BRF:4
BRH:2
end_of_record
TN:
SF:/Users/youzhou/Documents/proj/weLoveFaceBook/frontend/src/app/post.service.ts
FN:10,(anonymous_2)
FN:12,PostService
FN:15,(anonymous_4)
FN:17,(anonymous_5)
FN:20,(anonymous_6)
FN:22,(anonymous_7)
FN:25,(anonymous_8)
FN:27,(anonymous_9)
FN:30,(anonymous_10)
FN:32,(anonymous_11)
FN:35,(anonymous_12)
FN:37,(anonymous_13)
FN:39,(anonymous_14)
FN:41,(anonymous_15)
FNF:14
FNH:14
FNDA:1,(anonymous_2)
FNDA:10,PostService
FNDA:1,(anonymous_4)
FNDA:1,(anonymous_5)
FNDA:1,(anonymous_6)
FNDA:1,(anonymous_7)
FNDA:2,(anonymous_8)
FNDA:1,(anonymous_9)
FNDA:1,(anonymous_10)
FNDA:1,(anonymous_11)
FNDA:1,(anonymous_12)
FNDA:1,(anonymous_13)
FNDA:1,(anonymous_14)
FNDA:1,(anonymous_15)
DA:1,1
DA:5,1
DA:6,1
DA:7,1
DA:10,1
DA:12,10
DA:15,1
DA:16,1
DA:17,1
DA:20,1
DA:21,1
DA:22,1
DA:25,1
DA:26,2
DA:27,2
DA:30,1
DA:31,1
DA:32,1
DA:35,1
DA:36,1
DA:37,1
DA:39,1
DA:40,1
DA:41,1
DA:43,1
LF:25
LH:25
BRDA:12,0,0,1
BRDA:12,0,1,0
BRDA:12,1,0,1
BRF:3
BRH:2
end_of_record
TN:
SF:/Users/youzhou/Documents/proj/weLoveFaceBook/frontend/src/app/post.ts
FN:2,(anonymous_0)
FN:3,Post
FNF:2
FNH:2
FNDA:1,(anonymous_0)
FNDA:3,Post
DA:2,1
DA:4,9
DA:5,9
DA:6,9
DA:7,9
DA:8,9
DA:9,9
DA:10,9
DA:11,9
DA:12,9
DA:13,9
DA:15,1
LF:12
LH:12
BRDA:4,0,0,3
BRDA:4,0,1,0
BRDA:5,1,0,3
BRDA:5,1,1,0
BRDA:6,2,0,3
BRDA:6,2,1,0
BRDA:7,3,0,3
BRDA:7,3,1,0
BRDA:8,4,0,3
BRDA:8,4,1,0
BRDA:9,5,0,3
BRDA:9,5,1,0
BRDA:10,6,0,3
BRDA:10,6,1,0
BRDA:11,7,0,3
BRDA:11,7,1,0
BRDA:12,8,0,3
BRDA:12,8,1,0
BRDA:13,9,0,3
BRDA:13,9,1,0
BRF:20
BRH:10
end_of_record
TN:
SF:/Users/youzhou/Documents/proj/weLoveFaceBook/frontend/src/app/user.service.ts
FN:9,(anonymous_2)
FN:12,UserService
FN:15,(anonymous_4)
FN:18,(anonymous_5)
FN:21,(anonymous_6)
FN:24,(anonymous_7)
FN:25,(anonymous_8)
FN:35,(anonymous_9)
FN:36,(anonymous_10)
FN:38,(anonymous_11)
FN:40,(anonymous_12)
FN:42,(anonymous_13)
FN:44,(anonymous_14)
FN:46,(anonymous_15)
FN:48,(anonymous_16)
FN:50,(anonymous_17)
FN:52,(anonymous_18)
FN:54,(anonymous_19)
FN:55,(anonymous_20)
FN:57,(anonymous_21)
FN:58,(anonymous_22)
FN:60,(anonymous_23)
FN:63,(anonymous_24)
FN:75,(anonymous_25)
FN:76,(anonymous_26)
FN:78,(anonymous_27)
FN:80,(anonymous_28)
FNF:27
FNH:27
FNDA:1,(anonymous_2)
FNDA:26,UserService
FNDA:1,(anonymous_4)
FNDA:1,(anonymous_5)
FNDA:3,(anonymous_6)
FNDA:2,(anonymous_7)
FNDA:2,(anonymous_8)
FNDA:1,(anonymous_9)
FNDA:1,(anonymous_10)
FNDA:1,(anonymous_11)
FNDA:1,(anonymous_12)
FNDA:1,(anonymous_13)
FNDA:1,(anonymous_14)
FNDA:3,(anonymous_15)
FNDA:1,(anonymous_16)
FNDA:1,(anonymous_17)
FNDA:1,(anonymous_18)
FNDA:1,(anonymous_19)
FNDA:1,(anonymous_20)
FNDA:1,(anonymous_21)
FNDA:1,(anonymous_22)
FNDA:2,(anonymous_23)
FNDA:2,(anonymous_24)
FNDA:1,(anonymous_25)
FNDA:1,(anonymous_26)
FNDA:1,(anonymous_27)
FNDA:1,(anonymous_28)
DA:1,1
DA:4,1
DA:5,1
DA:6,1
DA:9,1
DA:12,26
DA:13,26
DA:15,1
DA:16,1
DA:18,1
DA:19,1
DA:21,1
DA:22,3
DA:24,1
DA:25,2
DA:26,2
DA:28,2
DA:30,0
DA:32,2
DA:35,1
DA:36,1
DA:38,1
DA:39,1
DA:40,1
DA:42,1
DA:43,1
DA:44,1
DA:46,1
DA:48,3
DA:50,1
DA:52,1
DA:54,1
DA:55,1
DA:57,1
DA:58,1
DA:60,1
DA:61,2
DA:65,2
DA:67,2
DA:69,0
DA:71,2
DA:72,2
DA:75,1
DA:76,1
DA:78,1
DA:80,1
DA:82,1
LF:47
LH:45
BRDA:28,0,0,0
BRDA:28,0,1,2
BRDA:28,1,0,2
BRDA:28,1,1,2
BRDA:67,2,0,0
BRDA:67,2,1,2
BRDA:67,3,0,2
BRDA:67,3,1,2
BRDA:12,4,0,1
BRDA:12,4,1,0
BRDA:12,5,0,1
BRF:11
BRH:8
end_of_record
TN:
SF:/Users/youzhou/Documents/proj/weLoveFaceBook/frontend/src/app/user.ts
FN:1,(anonymous_0)
FN:2,User
FNF:2
FNH:2
FNDA:1,(anonymous_0)
FNDA:11,User
DA:1,1
DA:3,33
DA:4,33
DA:5,33
DA:6,33
DA:7,33
DA:8,33
DA:9,33
DA:10,33
DA:11,33
DA:12,33
DA:14,1
LF:12
LH:12
BRDA:3,0,0,11
BRDA:3,0,1,0
BRDA:4,1,0,11
BRDA:4,1,1,0
BRDA:5,2,0,11
BRDA:5,2,1,0
BRDA:6,3,0,11
BRDA:6,3,1,0
BRDA:7,4,0,11
BRDA:7,4,1,0
BRDA:8,5,0,11
BRDA:8,5,1,0
BRDA:9,6,0,11
BRDA:9,6,1,0
BRDA:10,7,0,11
BRDA:10,7,1,0
BRDA:11,8,0,11
BRDA:11,8,1,0
BRDA:12,9,0,11
BRDA:12,9,1,0
BRF:20
BRH:10
end_of_record
TN:
SF:/Users/youzhou/Documents/proj/weLoveFaceBook/frontend/src/app/validate.service.ts
FN:4,(anonymous_2)
FN:6,ValidateService
FN:8,(anonymous_4)
FN:25,(anonymous_5)
FN:31,(anonymous_6)
FNF:5
FNH:5
FNDA:1,(anonymous_2)
FNDA:9,ValidateService
FNDA:1,(anonymous_4)
FNDA:1,(anonymous_5)
FNDA:1,(anonymous_6)
DA:1,1
DA:4,1
DA:8,1
DA:9,1
DA:19,1
DA:21,0
DA:25,1
DA:27,1
DA:28,1
DA:31,1
DA:32,1
DA:36,1
DA:38,0
DA:41,1
LF:14
LH:12
BRDA:9,0,0,1
BRDA:9,0,1,0
BRDA:9,1,0,1
BRDA:9,1,1,1
BRDA:9,1,2,0
BRDA:9,1,3,0
BRDA:9,1,4,0
BRDA:9,1,5,0
BRDA:9,1,6,0
BRDA:9,1,7,0
BRDA:9,1,8,0
BRDA:9,1,9,0
BRDA:32,2,0,1
BRDA:32,2,1,0
BRDA:32,3,0,1
BRDA:32,3,1,1
BRDA:32,3,2,0
BRDA:32,3,3,0
BRF:18
BRH:6
end_of_record
TN:
SF:/Users/youzhou/Documents/proj/weLoveFaceBook/frontend/src/app/footer/footer.component.ts
FN:8,(anonymous_2)
FN:10,FooterComponent
FN:12,(anonymous_4)
FNF:3
FNH:3
FNDA:1,(anonymous_2)
FNDA:3,FooterComponent
FNDA:1,(anonymous_4)
DA:1,1
DA:8,1
DA:12,1
DA:15,1
LF:4
LH:4
BRF:0
BRH:0
end_of_record
TN:
SF:/Users/youzhou/Documents/proj/weLoveFaceBook/frontend/src/app/header/header.component.ts
FN:10,(anonymous_2)
FN:12,HeaderComponent
FN:14,(anonymous_4)
FN:17,(anonymous_5)
FN:21,(anonymous_6)
FNF:5
FNH:3
FNDA:1,(anonymous_2)
FNDA:3,HeaderComponent
FNDA:1,(anonymous_4)
FNDA:0,(anonymous_5)
FNDA:0,(anonymous_6)
DA:1,1
DA:2,1
DA:3,1
DA:10,1
DA:12,3
DA:14,1
DA:17,1
DA:18,0
DA:21,1
DA:22,0
DA:25,0
DA:27,0
DA:28,0
DA:32,1
LF:14
LH:9
BRDA:12,0,0,1
BRDA:12,0,1,0
BRDA:12,1,0,1
BRDA:12,2,0,1
BRDA:12,2,1,1
BRDA:12,2,2,0
BRDA:12,3,0,1
BRDA:12,3,1,1
BRF:8
BRH:6
end_of_record
TN:
SF:/Users/youzhou/Documents/proj/weLoveFaceBook/frontend/src/app/home/home.component.ts
FN:17,(anonymous_4)
FN:32,HomeComponent
FN:34,(anonymous_6)
FN:35,(anonymous_7)
FN:38,(anonymous_8)
FN:40,(anonymous_9)
FN:48,(anonymous_10)
FN:52,(anonymous_11)
FN:55,(anonymous_12)
FN:67,(anonymous_13)
FN:68,(anonymous_14)
FN:78,(anonymous_15)
FN:81,(anonymous_16)
FN:91,(anonymous_17)
FN:95,(anonymous_18)
FN:99,(anonymous_19)
FN:106,(anonymous_20)
FN:112,(anonymous_21)
FN:127,(anonymous_22)
FN:139,(anonymous_23)
FN:141,AddCommentComponent
FN:145,(anonymous_25)
FNF:22
FNH:4
FNDA:1,(anonymous_4)
FNDA:2,HomeComponent
FNDA:0,(anonymous_6)
FNDA:0,(anonymous_7)
FNDA:2,(anonymous_8)
FNDA:0,(anonymous_9)
FNDA:0,(anonymous_10)
FNDA:0,(anonymous_11)
FNDA:0,(anonymous_12)
FNDA:0,(anonymous_13)
FNDA:0,(anonymous_14)
FNDA:0,(anonymous_15)
FNDA:0,(anonymous_16)
FNDA:0,(anonymous_17)
FNDA:0,(anonymous_18)
FNDA:0,(anonymous_19)
FNDA:0,(anonymous_20)
FNDA:0,(anonymous_21)
FNDA:0,(anonymous_22)
FNDA:1,(anonymous_23)
FNDA:0,AddCommentComponent
FNDA:0,(anonymous_25)
DA:1,1
DA:2,1
DA:3,1
DA:4,1
DA:5,1
DA:6,1
DA:7,1
DA:8,1
DA:9,1
DA:17,1
DA:19,1
DA:20,2
DA:21,2
DA:22,2
DA:25,2
DA:26,2
DA:27,2
DA:28,2
DA:29,2
DA:30,2
DA:32,2
DA:33,2
DA:34,0
DA:35,0
DA:38,2
DA:40,2
DA:41,0
DA:42,0
DA:45,2
DA:48,1
DA:49,0
DA:52,1
DA:53,0
DA:54,0
DA:55,0
DA:56,0
DA:57,0
DA:58,0
DA:60,0
DA:64,0
DA:67,1
DA:68,0
DA:69,0
DA:70,0
DA:71,0
DA:73,0
DA:78,1
DA:79,0
DA:80,0
DA:81,0
DA:82,0
DA:83,0
DA:86,0
DA:91,1
DA:95,1
DA:99,1
DA:100,0
DA:101,0
DA:102,0
DA:103,0
DA:106,1
DA:107,0
DA:112,0
DA:113,0
DA:114,0
DA:115,0
DA:116,0
DA:117,0
DA:118,0
DA:119,0
DA:120,0
DA:121,0
DA:123,0
DA:127,1
DA:128,0
DA:129,0
DA:130,0
DA:131,0
DA:134,1
DA:139,1
DA:142,0
DA:143,0
DA:145,1
DA:146,0
DA:148,1
LF:85
LH:38
BRDA:56,0,0,0
BRDA:56,0,1,0
BRDA:69,1,0,0
BRDA:69,1,1,0
BRDA:82,2,0,0
BRDA:82,2,1,0
BRDA:113,3,0,0
BRDA:113,3,1,0
BRDA:116,4,0,0
BRDA:116,4,1,0
BRDA:32,5,0,1
BRDA:32,5,1,0
BRDA:32,6,0,1
BRDA:32,7,0,1
BRDA:32,7,1,1
BRDA:32,7,2,0
BRDA:32,8,0,1
BRDA:32,8,1,1
BRDA:32,9,0,1
BRDA:32,9,1,1
BRDA:32,9,2,0
BRDA:32,10,0,1
BRDA:32,10,1,1
BRDA:32,11,0,1
BRDA:32,11,1,1
BRDA:32,11,2,0
BRDA:32,12,0,1
BRDA:32,12,1,1
BRDA:142,13,0,1
BRDA:142,13,1,0
BRDA:142,14,0,1
BRF:31
BRH:16
end_of_record
TN:
SF:/Users/youzhou/Documents/proj/weLoveFaceBook/frontend/src/app/login-form/login-form.component.ts
FN:13,(anonymous_2)
FN:16,LoginFormComponent
FN:18,(anonymous_4)
FN:20,(anonymous_5)
FN:34,(anonymous_6)
FN:43,(anonymous_7)
FN:45,(anonymous_8)
FNF:7
FNH:3
FNDA:1,(anonymous_2)
FNDA:3,LoginFormComponent
FNDA:3,(anonymous_4)
FNDA:0,(anonymous_5)
FNDA:0,(anonymous_6)
FNDA:0,(anonymous_7)
FNDA:0,(anonymous_8)
DA:1,1
DA:2,1
DA:3,1
DA:4,1
DA:5,1
DA:6,1
DA:13,1
DA:14,3
DA:16,3
DA:18,1
DA:20,1
DA:21,0
DA:23,0
DA:24,0
DA:25,0
DA:26,0
DA:28,0
DA:29,0
DA:30,0
DA:33,0
DA:36,0
DA:37,0
DA:38,0
DA:40,0
DA:43,0
DA:45,1
DA:47,1
LF:27
LH:13
BRDA:28,0,0,0
BRDA:28,0,1,0
BRDA:36,1,0,0
BRDA:36,1,1,0
BRDA:16,2,0,1
BRDA:16,2,1,0
BRDA:16,3,0,1
BRDA:16,4,0,1
BRDA:16,4,1,1
BRDA:16,4,2,0
BRDA:16,5,0,1
BRDA:16,5,1,1
BRDA:16,6,0,1
BRDA:16,6,1,1
BRDA:16,6,2,0
BRDA:16,7,0,1
BRDA:16,7,1,1
BRDA:16,8,0,1
BRDA:16,8,1,1
BRDA:16,8,2,0
BRDA:16,9,0,1
BRDA:16,9,1,1
BRF:22
BRH:14
end_of_record
TN:
SF:/Users/youzhou/Documents/proj/weLoveFaceBook/frontend/src/app/regis-form/regis-form.component.ts
FN:13,(anonymous_2)
FN:20,RegisFormComponent
FN:22,(anonymous_4)
FN:25,(anonymous_5)
FN:42,(anonymous_6)
FN:47,(anonymous_7)
FNF:6
FNH:3
FNDA:1,(anonymous_2)
FNDA:2,RegisFormComponent
FNDA:2,(anonymous_4)
FNDA:0,(anonymous_5)
FNDA:0,(anonymous_6)
FNDA:0,(anonymous_7)
DA:1,1
DA:2,1
DA:3,1
DA:4,1
DA:5,1
DA:6,1
DA:13,1
DA:14,2
DA:16,3
DA:17,2
DA:20,2
DA:22,1
DA:25,1
DA:27,0
DA:28,0
DA:29,0
DA:30,0
DA:32,0
DA:33,0
DA:34,0
DA:36,0
DA:37,0
DA:38,0
DA:40,0
DA:41,0
DA:44,0
DA:45,0
DA:47,0
DA:51,1
LF:29
LH:14
BRDA:28,0,0,0
BRDA:28,0,1,0
BRDA:32,1,0,0
BRDA:32,1,1,0
BRDA:36,2,0,0
BRDA:36,2,1,0
BRDA:40,3,0,0
BRDA:40,3,1,0
BRDA:40,4,0,0
BRDA:40,4,1,0
BRDA:40,4,2,0
BRDA:20,5,0,1
BRDA:20,5,1,0
BRDA:20,6,0,1
BRDA:20,7,0,1
BRDA:20,7,1,1
BRDA:20,7,2,0
BRDA:20,8,0,1
BRDA:20,8,1,1
BRDA:20,9,0,1
BRDA:20,9,1,1
BRDA:20,9,2,0
BRDA:20,10,0,1
BRDA:20,10,1,1
BRDA:20,11,0,1
BRDA:20,11,1,1
BRDA:20,11,2,0
BRDA:20,12,0,1
BRDA:20,12,1,1
BRF:29
BRH:14
end_of_record
TN:
SF:/Users/youzhou/Documents/proj/weLoveFaceBook/frontend/src/app/selfpost/selfpost.component.ts
FN:13,(anonymous_2)
FN:19,SelfpostComponent
FN:25,(anonymous_4)
FN:29,(anonymous_5)
FN:33,(anonymous_6)
FN:35,(anonymous_7)
FN:45,(anonymous_8)
FN:46,(anonymous_9)
FN:56,(anonymous_10)
FN:64,(anonymous_11)
FNF:10
FNH:4
FNDA:1,(anonymous_2)
FNDA:1,SelfpostComponent
FNDA:1,(anonymous_4)
FNDA:0,(anonymous_5)
FNDA:0,(anonymous_6)
FNDA:0,(anonymous_7)
FNDA:1,(anonymous_8)
FNDA:0,(anonymous_9)
FNDA:0,(anonymous_10)
FNDA:0,(anonymous_11)
DA:1,1
DA:2,1
DA:3,1
DA:4,1
DA:5,1
DA:13,1
DA:16,1
DA:19,1
DA:25,1
DA:26,1
DA:29,1
DA:30,0
DA:33,1
DA:34,0
DA:35,0
DA:36,0
DA:37,0
DA:38,0
DA:40,0
DA:45,1
DA:46,1
DA:47,0
DA:48,0
DA:51,0
DA:56,1
DA:57,0
DA:58,0
DA:60,0
DA:64,1
DA:65,0
DA:66,0
DA:69,1
LF:32
LH:17
BRDA:36,0,0,0
BRDA:36,0,1,0
BRDA:47,1,0,0
BRDA:47,1,1,0
BRDA:57,2,0,0
BRDA:57,2,1,0
BRDA:19,3,0,1
BRDA:19,3,1,0
BRDA:19,4,0,1
BRDA:19,5,0,1
BRDA:19,5,1,1
BRDA:19,5,2,0
BRDA:19,6,0,1
BRDA:19,6,1,1
BRDA:19,7,0,1
BRDA:19,7,1,1
BRDA:19,7,2,0
BRDA:19,8,0,1
BRDA:19,8,1,1
BRF:19
BRH:10
end_of_record
