TN:
SF:/Users/frankzhang/Desktop/weLoveFaceBook/frontend/src/polyfills.ts
FNF:0
FNH:0
DA:41,1
DA:42,1
DA:56,1
LF:3
LH:3
BRF:0
BRH:0
end_of_record
TN:
SF:/Users/frankzhang/Desktop/weLoveFaceBook/frontend/src/test.ts
FN:20,(anonymous_0)
FNF:1
FNH:1
FNDA:1,(anonymous_0)
DA:3,1
DA:4,1
DA:5,1
DA:6,1
DA:7,1
DA:8,1
DA:9,1
DA:10,1
DA:20,1
DA:23,1
DA:28,1
DA:30,1
DA:32,1
LF:13
LH:13
BRF:0
BRH:0
end_of_record
TN:
SF:/Users/frankzhang/Desktop/weLoveFaceBook/frontend/src/app/app.component.ts
FN:8,(anonymous_1)
FN:8,AppComponent
FNF:2
FNH:2
FNDA:1,(anonymous_1)
FNDA:1,AppComponent
DA:1,1
DA:8,1
DA:10,1
LF:3
LH:3
BRF:0
BRH:0
end_of_record
TN:
SF:/Users/frankzhang/Desktop/weLoveFaceBook/frontend/src/app/authguard.guard.ts
FN:7,(anonymous_2)
FN:8,AuthguardGuard
FN:11,(anonymous_4)
FNF:3
FNH:3
FNDA:1,(anonymous_2)
FNDA:3,AuthguardGuard
FNDA:2,(anonymous_4)
DA:1,1
DA:4,1
DA:7,1
DA:8,3
DA:11,1
DA:14,2
DA:16,1
LF:7
LH:7
BRDA:8,0,0,1
BRDA:8,0,1,0
BRDA:8,1,0,1
BRF:3
BRH:2
end_of_record
TN:
SF:/Users/frankzhang/Desktop/weLoveFaceBook/frontend/src/app/comment.ts
FN:1,(anonymous_0)
FN:2,Comment
FNF:2
FNH:2
FNDA:1,(anonymous_0)
FNDA:2,Comment
DA:1,1
DA:3,6
DA:4,6
DA:6,1
LF:4
LH:4
BRDA:3,0,0,2
BRDA:3,0,1,0
BRDA:4,1,0,2
BRDA:4,1,1,0
BRF:4
BRH:2
end_of_record
TN:
SF:/Users/frankzhang/Desktop/weLoveFaceBook/frontend/src/app/post.service.ts
FN:10,(anonymous_2)
FN:12,PostService
FN:15,(anonymous_4)
FN:17,(anonymous_5)
FN:20,(anonymous_6)
FN:22,(anonymous_7)
FN:25,(anonymous_8)
FN:27,(anonymous_9)
FN:30,(anonymous_10)
FN:32,(anonymous_11)
FN:35,(anonymous_12)
FN:37,(anonymous_13)
FN:39,(anonymous_14)
FN:41,(anonymous_15)
FNF:14
FNH:14
FNDA:1,(anonymous_2)
FNDA:16,PostService
FNDA:2,(anonymous_4)
FNDA:1,(anonymous_5)
FNDA:1,(anonymous_6)
FNDA:1,(anonymous_7)
FNDA:9,(anonymous_8)
FNDA:1,(anonymous_9)
FNDA:2,(anonymous_10)
FNDA:1,(anonymous_11)
FNDA:2,(anonymous_12)
FNDA:1,(anonymous_13)
FNDA:1,(anonymous_14)
FNDA:1,(anonymous_15)
DA:1,1
DA:5,1
DA:6,1
DA:7,1
DA:10,1
DA:12,16
DA:15,1
DA:16,2
DA:17,2
DA:20,1
DA:21,1
DA:22,1
DA:25,1
DA:26,9
DA:27,9
DA:30,1
DA:31,2
DA:32,2
DA:35,1
DA:36,2
DA:37,2
DA:39,1
DA:40,1
DA:41,1
DA:43,1
LF:25
LH:25
BRDA:12,0,0,1
BRDA:12,0,1,0
BRDA:12,1,0,1
BRF:3
BRH:2
end_of_record
TN:
SF:/Users/frankzhang/Desktop/weLoveFaceBook/frontend/src/app/post.ts
FN:2,(anonymous_0)
FN:3,Post
FNF:2
FNH:2
FNDA:1,(anonymous_0)
FNDA:8,Post
DA:2,1
DA:4,24
DA:5,24
DA:6,24
DA:7,24
DA:8,24
DA:9,24
DA:10,24
DA:11,24
DA:12,24
DA:13,24
DA:15,1
LF:12
LH:12
BRDA:4,0,0,8
BRDA:4,0,1,0
BRDA:5,1,0,8
BRDA:5,1,1,0
BRDA:6,2,0,8
BRDA:6,2,1,0
BRDA:7,3,0,8
BRDA:7,3,1,0
BRDA:8,4,0,8
BRDA:8,4,1,0
BRDA:9,5,0,8
BRDA:9,5,1,0
BRDA:10,6,0,8
BRDA:10,6,1,0
BRDA:11,7,0,8
BRDA:11,7,1,0
BRDA:12,8,0,8
BRDA:12,8,1,0
BRDA:13,9,0,8
BRDA:13,9,1,0
BRF:20
BRH:10
end_of_record
TN:
SF:/Users/frankzhang/Desktop/weLoveFaceBook/frontend/src/app/user.service.ts
FN:9,(anonymous_2)
FN:12,UserService
FN:15,(anonymous_4)
FN:18,(anonymous_5)
FN:21,(anonymous_6)
FN:24,(anonymous_7)
FN:25,(anonymous_8)
FN:35,(anonymous_9)
FN:36,(anonymous_10)
FN:38,(anonymous_11)
FN:40,(anonymous_12)
FN:42,(anonymous_13)
FN:44,(anonymous_14)
FN:46,(anonymous_15)
FN:48,(anonymous_16)
FN:50,(anonymous_17)
FN:52,(anonymous_18)
FN:54,(anonymous_19)
FN:55,(anonymous_20)
FN:57,(anonymous_21)
FN:58,(anonymous_22)
FN:60,(anonymous_23)
FN:63,(anonymous_24)
FN:75,(anonymous_25)
FN:76,(anonymous_26)
FN:78,(anonymous_27)
FN:80,(anonymous_28)
FNF:27
FNH:27
FNDA:1,(anonymous_2)
FNDA:34,UserService
FNDA:1,(anonymous_4)
FNDA:2,(anonymous_5)
FNDA:3,(anonymous_6)
FNDA:2,(anonymous_7)
FNDA:2,(anonymous_8)
FNDA:1,(anonymous_9)
FNDA:1,(anonymous_10)
FNDA:1,(anonymous_11)
FNDA:1,(anonymous_12)
FNDA:1,(anonymous_13)
FNDA:1,(anonymous_14)
FNDA:5,(anonymous_15)
FNDA:1,(anonymous_16)
FNDA:1,(anonymous_17)
FNDA:1,(anonymous_18)
FNDA:1,(anonymous_19)
FNDA:1,(anonymous_20)
FNDA:1,(anonymous_21)
FNDA:1,(anonymous_22)
FNDA:2,(anonymous_23)
FNDA:2,(anonymous_24)
FNDA:1,(anonymous_25)
FNDA:1,(anonymous_26)
FNDA:1,(anonymous_27)
FNDA:1,(anonymous_28)
DA:1,1
DA:4,1
DA:5,1
DA:6,1
DA:9,1
DA:12,34
DA:13,34
DA:15,1
DA:16,1
DA:18,1
DA:19,2
DA:21,1
DA:22,3
DA:24,1
DA:25,2
DA:26,2
DA:28,2
DA:30,0
DA:32,2
DA:35,1
DA:36,1
DA:38,1
DA:39,1
DA:40,1
DA:42,1
DA:43,1
DA:44,1
DA:46,1
DA:48,5
DA:50,1
DA:52,1
DA:54,1
DA:55,1
DA:57,1
DA:58,1
DA:60,1
DA:61,2
DA:65,2
DA:67,2
DA:69,0
DA:71,2
DA:72,2
DA:75,1
DA:76,1
DA:78,1
DA:80,1
DA:82,1
LF:47
LH:45
BRDA:28,0,0,0
BRDA:28,0,1,2
BRDA:28,1,0,2
BRDA:28,1,1,2
BRDA:67,2,0,0
BRDA:67,2,1,2
BRDA:67,3,0,2
BRDA:67,3,1,2
BRDA:12,4,0,1
BRDA:12,4,1,0
BRDA:12,5,0,1
BRF:11
BRH:8
end_of_record
TN:
SF:/Users/frankzhang/Desktop/weLoveFaceBook/frontend/src/app/user.ts
FN:1,(anonymous_0)
FN:2,User
FNF:2
FNH:2
FNDA:1,(anonymous_0)
FNDA:16,User
DA:1,1
DA:3,48
DA:4,48
DA:5,48
DA:6,48
DA:7,48
DA:8,48
DA:9,48
DA:10,48
DA:11,48
DA:12,48
DA:14,1
LF:12
LH:12
BRDA:3,0,0,16
BRDA:3,0,1,0
BRDA:4,1,0,16
BRDA:4,1,1,0
BRDA:5,2,0,16
BRDA:5,2,1,0
BRDA:6,3,0,16
BRDA:6,3,1,0
BRDA:7,4,0,16
BRDA:7,4,1,0
BRDA:8,5,0,16
BRDA:8,5,1,0
BRDA:9,6,0,16
BRDA:9,6,1,0
BRDA:10,7,0,16
BRDA:10,7,1,0
BRDA:11,8,0,16
BRDA:11,8,1,0
BRDA:12,9,0,16
BRDA:12,9,1,0
BRF:20
BRH:10
end_of_record
TN:
SF:/Users/frankzhang/Desktop/weLoveFaceBook/frontend/src/app/validate.service.ts
FN:4,(anonymous_2)
FN:6,ValidateService
FN:8,(anonymous_4)
FN:25,(anonymous_5)
FN:31,(anonymous_6)
FNF:5
FNH:5
FNDA:1,(anonymous_2)
FNDA:10,ValidateService
FNDA:2,(anonymous_4)
FNDA:1,(anonymous_5)
FNDA:2,(anonymous_6)
DA:1,1
DA:4,1
DA:8,1
DA:9,2
DA:19,1
DA:21,1
DA:25,1
DA:27,1
DA:28,1
DA:31,1
DA:32,2
DA:36,1
DA:38,1
DA:41,1
LF:14
LH:14
BRDA:9,0,0,1
BRDA:9,0,1,1
BRDA:9,1,0,2
BRDA:9,1,1,2
BRDA:9,1,2,1
BRDA:9,1,3,1
BRDA:9,1,4,1
BRDA:9,1,5,1
BRDA:9,1,6,1
BRDA:9,1,7,1
BRDA:9,1,8,1
BRDA:9,1,9,1
BRDA:32,2,0,1
BRDA:32,2,1,1
BRDA:32,3,0,2
BRDA:32,3,1,2
BRDA:32,3,2,1
BRDA:32,3,3,1
BRF:18
BRH:18
end_of_record
TN:
SF:/Users/frankzhang/Desktop/weLoveFaceBook/frontend/src/app/footer/footer.component.ts
FN:8,(anonymous_2)
FN:10,FooterComponent
FN:12,(anonymous_4)
FNF:3
FNH:3
FNDA:1,(anonymous_2)
FNDA:2,FooterComponent
FNDA:1,(anonymous_4)
DA:1,1
DA:8,1
DA:12,1
DA:15,1
LF:4
LH:4
BRF:0
BRH:0
end_of_record
TN:
SF:/Users/frankzhang/Desktop/weLoveFaceBook/frontend/src/app/header/header.component.ts
FN:10,(anonymous_2)
FN:12,HeaderComponent
FN:14,(anonymous_4)
FN:17,(anonymous_5)
FN:21,(anonymous_6)
FNF:5
FNH:5
FNDA:1,(anonymous_2)
FNDA:4,HeaderComponent
FNDA:3,(anonymous_4)
FNDA:1,(anonymous_5)
FNDA:1,(anonymous_6)
DA:1,1
DA:2,1
DA:3,1
DA:10,1
DA:12,4
DA:14,1
DA:17,1
DA:18,1
DA:21,1
DA:25,1
DA:27,1
DA:28,1
DA:32,1
LF:13
LH:13
BRDA:12,0,0,1
BRDA:12,0,1,0
BRDA:12,1,0,1
BRDA:12,2,0,1
BRDA:12,2,1,1
BRDA:12,2,2,0
BRDA:12,3,0,1
BRDA:12,3,1,1
BRF:8
BRH:6
end_of_record
TN:
SF:/Users/frankzhang/Desktop/weLoveFaceBook/frontend/src/app/home/home.component.ts
FN:17,(anonymous_4)
FN:32,HomeComponent
FN:38,(anonymous_6)
FN:40,(anonymous_7)
FN:48,(anonymous_8)
FN:52,(anonymous_9)
FN:55,(anonymous_10)
FN:67,(anonymous_11)
FN:68,(anonymous_12)
FN:78,(anonymous_13)
FN:81,(anonymous_14)
FN:91,(anonymous_15)
FN:98,(anonymous_16)
FN:104,(anonymous_17)
FN:119,(anonymous_18)
FN:131,(anonymous_19)
FN:133,AddCommentComponent
FN:137,(anonymous_21)
FNF:18
FNH:7
FNDA:1,(anonymous_4)
FNDA:4,HomeComponent
FNDA:4,(anonymous_6)
FNDA:0,(anonymous_7)
FNDA:0,(anonymous_8)
FNDA:1,(anonymous_9)
FNDA:0,(anonymous_10)
FNDA:1,(anonymous_11)
FNDA:0,(anonymous_12)
FNDA:1,(anonymous_13)
FNDA:0,(anonymous_14)
FNDA:0,(anonymous_15)
FNDA:0,(anonymous_16)
FNDA:0,(anonymous_17)
FNDA:0,(anonymous_18)
FNDA:1,(anonymous_19)
FNDA:0,AddCommentComponent
FNDA:0,(anonymous_21)
DA:1,1
DA:2,1
DA:3,1
DA:4,1
DA:5,1
DA:6,1
DA:7,1
DA:8,1
DA:9,1
DA:17,1
DA:19,1
DA:20,4
DA:21,4
DA:22,4
DA:25,4
DA:26,4
DA:27,4
DA:28,4
DA:29,4
DA:30,4
DA:32,4
DA:38,4
DA:40,4
DA:41,0
DA:42,0
DA:45,4
DA:48,1
DA:49,0
DA:52,1
DA:53,1
DA:54,1
DA:55,1
DA:56,0
DA:57,0
DA:58,0
DA:60,0
DA:64,1
DA:67,1
DA:68,1
DA:69,0
DA:70,0
DA:71,0
DA:73,0
DA:78,1
DA:79,1
DA:80,1
DA:81,1
DA:82,0
DA:83,0
DA:86,0
DA:91,1
DA:92,0
DA:93,0
DA:94,0
DA:95,0
DA:98,1
DA:99,0
DA:104,0
DA:105,0
DA:106,0
DA:107,0
DA:108,0
DA:109,0
DA:110,0
DA:111,0
DA:112,0
DA:113,0
DA:115,0
DA:119,1
DA:120,0
DA:121,0
DA:122,0
DA:123,0
DA:126,1
DA:131,1
DA:134,0
DA:135,0
DA:137,1
DA:138,0
DA:140,1
LF:80
LH:43
BRDA:56,0,0,0
BRDA:56,0,1,0
BRDA:69,1,0,0
BRDA:69,1,1,0
BRDA:82,2,0,0
BRDA:82,2,1,0
BRDA:105,3,0,0
BRDA:105,3,1,0
BRDA:108,4,0,0
BRDA:108,4,1,0
BRDA:32,5,0,1
BRDA:32,5,1,0
BRDA:32,6,0,1
BRDA:32,7,0,1
BRDA:32,7,1,1
BRDA:32,7,2,0
BRDA:32,8,0,1
BRDA:32,8,1,1
BRDA:32,9,0,1
BRDA:32,9,1,1
BRDA:32,9,2,0
BRDA:32,10,0,1
BRDA:32,10,1,1
BRDA:32,11,0,1
BRDA:32,11,1,1
BRDA:32,11,2,0
BRDA:32,12,0,1
BRDA:32,12,1,1
BRDA:134,13,0,1
BRDA:134,13,1,0
BRDA:134,14,0,1
BRF:31
BRH:16
end_of_record
TN:
SF:/Users/frankzhang/Desktop/weLoveFaceBook/frontend/src/app/login-form/login-form.component.ts
FN:13,(anonymous_2)
FN:16,LoginFormComponent
FN:18,(anonymous_4)
FN:20,(anonymous_5)
FN:34,(anonymous_6)
FN:43,(anonymous_7)
FN:45,(anonymous_8)
FNF:7
FNH:3
FNDA:1,(anonymous_2)
FNDA:3,LoginFormComponent
FNDA:3,(anonymous_4)
FNDA:0,(anonymous_5)
FNDA:0,(anonymous_6)
FNDA:0,(anonymous_7)
FNDA:0,(anonymous_8)
DA:1,1
DA:2,1
DA:3,1
DA:4,1
DA:5,1
DA:6,1
DA:13,1
DA:14,3
DA:16,3
DA:18,1
DA:20,1
DA:21,0
DA:23,0
DA:24,0
DA:25,0
DA:26,0
DA:28,0
DA:29,0
DA:30,0
DA:33,0
DA:36,0
DA:37,0
DA:38,0
DA:40,0
DA:43,0
DA:45,1
DA:47,1
LF:27
LH:13
BRDA:28,0,0,0
BRDA:28,0,1,0
BRDA:36,1,0,0
BRDA:36,1,1,0
BRDA:16,2,0,1
BRDA:16,2,1,0
BRDA:16,3,0,1
BRDA:16,4,0,1
BRDA:16,4,1,1
BRDA:16,4,2,0
BRDA:16,5,0,1
BRDA:16,5,1,1
BRDA:16,6,0,1
BRDA:16,6,1,1
BRDA:16,6,2,0
BRDA:16,7,0,1
BRDA:16,7,1,1
BRDA:16,8,0,1
BRDA:16,8,1,1
BRDA:16,8,2,0
BRDA:16,9,0,1
BRDA:16,9,1,1
BRF:22
BRH:14
end_of_record
TN:
SF:/Users/frankzhang/Desktop/weLoveFaceBook/frontend/src/app/regis-form/regis-form.component.ts
FN:13,(anonymous_2)
FN:20,RegisFormComponent
FN:22,(anonymous_4)
FN:25,(anonymous_5)
FN:42,(anonymous_6)
FN:47,(anonymous_7)
FNF:6
FNH:4
FNDA:1,(anonymous_2)
FNDA:3,RegisFormComponent
FNDA:3,(anonymous_4)
FNDA:1,(anonymous_5)
FNDA:0,(anonymous_6)
FNDA:0,(anonymous_7)
DA:1,1
DA:2,1
DA:3,1
DA:4,1
DA:5,1
DA:6,1
DA:13,1
DA:14,3
DA:16,4
DA:17,3
DA:20,3
DA:22,1
DA:25,1
DA:27,1
DA:28,1
DA:29,1
DA:30,1
DA:32,0
DA:33,0
DA:34,0
DA:36,0
DA:37,0
DA:38,0
DA:40,0
DA:41,0
DA:44,0
DA:45,0
DA:47,0
DA:51,1
LF:29
LH:18
BRDA:28,0,0,1
BRDA:28,0,1,0
BRDA:32,1,0,0
BRDA:32,1,1,0
BRDA:36,2,0,0
BRDA:36,2,1,0
BRDA:40,3,0,0
BRDA:40,3,1,0
BRDA:40,4,0,0
BRDA:40,4,1,0
BRDA:40,4,2,0
BRDA:20,5,0,1
BRDA:20,5,1,0
BRDA:20,6,0,1
BRDA:20,7,0,1
BRDA:20,7,1,1
BRDA:20,7,2,0
BRDA:20,8,0,1
BRDA:20,8,1,1
BRDA:20,9,0,1
BRDA:20,9,1,1
BRDA:20,9,2,0
BRDA:20,10,0,1
BRDA:20,10,1,1
BRDA:20,11,0,1
BRDA:20,11,1,1
BRDA:20,11,2,0
BRDA:20,12,0,1
BRDA:20,12,1,1
BRF:29
BRH:15
end_of_record
TN:
SF:/Users/frankzhang/Desktop/weLoveFaceBook/frontend/src/app/selfpost/selfpost.component.ts
FN:13,(anonymous_2)
FN:19,SelfpostComponent
FN:25,(anonymous_4)
FN:29,(anonymous_5)
FN:33,(anonymous_6)
FN:35,(anonymous_7)
FN:45,(anonymous_8)
FN:46,(anonymous_9)
FNF:8
FNH:5
FNDA:1,(anonymous_2)
FNDA:5,SelfpostComponent
FNDA:5,(anonymous_4)
FNDA:1,(anonymous_5)
FNDA:0,(anonymous_6)
FNDA:0,(anonymous_7)
FNDA:8,(anonymous_8)
FNDA:0,(anonymous_9)
DA:1,1
DA:2,1
DA:3,1
DA:4,1
DA:5,1
DA:13,1
DA:16,1
DA:17,5
DA:19,5
DA:25,1
DA:26,5
DA:29,1
DA:30,1
DA:33,1
DA:34,0
DA:35,0
DA:36,0
DA:37,0
DA:38,0
DA:40,0
DA:45,8
DA:46,8
DA:47,0
DA:48,0
DA:51,0
DA:57,1
LF:26
LH:17
BRDA:36,0,0,0
BRDA:36,0,1,0
BRDA:47,1,0,0
BRDA:47,1,1,0
BRDA:19,2,0,1
BRDA:19,2,1,0
BRDA:19,3,0,1
BRDA:19,4,0,1
BRDA:19,4,1,1
BRDA:19,4,2,0
BRDA:19,5,0,1
BRDA:19,5,1,1
BRDA:19,6,0,1
BRDA:19,6,1,1
BRDA:19,6,2,0
BRDA:19,7,0,1
BRDA:19,7,1,1
BRF:17
BRH:10
end_of_record
